<?xml version="1.0" encoding="UTF-8"?>
<!-- Generated by org.testng.reporters.JUnitReportReporter -->
<testsuite skipped="0" hostname="Owner-PC" name="NewReleaseReminderEmail.NewReleaseReminderEmailTest" tests="1" failures="0" timestamp="19 Oct 2016 17:17:28 GMT" time="0.954" errors="0">
  <testcase name="ReminderEmailTest" time="0.954" classname="NewReleaseReminderEmail.NewReleaseReminderEmailTest"/>
</testsuite> <!-- NewReleaseReminderEmail.NewReleaseReminderEmailTest -->
