<?xml version="1.0" encoding="UTF-8"?>
<!-- Generated by org.testng.reporters.JUnitReportReporter -->
<testsuite skipped="0" hostname="Owner-PC" name="MonthlyShoeRelease.test.MonthlyShoeReleaseTest" tests="48" failures="1" timestamp="19 Oct 2016 17:11:24 GMT" time="154.759" errors="0">
  <testcase name="AprilNewReleasePriceTest" time="2.428" classname="MonthlyShoeRelease.test.MonthlyShoeReleaseTest"/>
  <testcase name="JuneNewReleaseBlurbDisplayTest" time="2.455" classname="MonthlyShoeRelease.test.MonthlyShoeReleaseTest"/>
  <testcase name="JanuaryNewReleaseImageDisplayTest" time="2.568" classname="MonthlyShoeRelease.test.MonthlyShoeReleaseTest"/>
  <testcase name="JuneNewReleaseSuggestedPriceTest" time="4.702" classname="MonthlyShoeRelease.test.MonthlyShoeReleaseTest"/>
  <testcase name="MayNewReleaseSuggestedPriceTest" time="5.413" classname="MonthlyShoeRelease.test.MonthlyShoeReleaseTest"/>
  <testcase name="JanuaryNewReleaseSuggestedPriceTest" time="11.827" classname="MonthlyShoeRelease.test.MonthlyShoeReleaseTest"/>
  <testcase name="MarchNewReleaseBlurbDisplayTest" time="2.530" classname="MonthlyShoeRelease.test.MonthlyShoeReleaseTest"/>
  <testcase name="OctoberNewReleaseBlurbDisplayTest" time="2.770" classname="MonthlyShoeRelease.test.MonthlyShoeReleaseTest"/>
  <testcase name="JuneNewReleaseImageDisplayTest" time="2.419" classname="MonthlyShoeRelease.test.MonthlyShoeReleaseTest"/>
  <testcase name="FebruaryNewReleaseBlurbDisplayTest" time="2.775" classname="MonthlyShoeRelease.test.MonthlyShoeReleaseTest"/>
  <testcase name="NovemberNewReleasePriceTest" time="2.999" classname="MonthlyShoeRelease.test.MonthlyShoeReleaseTest"/>
  <testcase name="JulyNewReleaseImageDisplayTest" time="2.382" classname="MonthlyShoeRelease.test.MonthlyShoeReleaseTest"/>
  <testcase name="OctoberNewReleasePriceTest" time="2.761" classname="MonthlyShoeRelease.test.MonthlyShoeReleaseTest"/>
  <testcase name="AprilNewReleaseSuggestedPriceTest" time="4.729" classname="MonthlyShoeRelease.test.MonthlyShoeReleaseTest"/>
  <testcase name="DecemberNewReleaseImageDisplayTest" time="2.358" classname="MonthlyShoeRelease.test.MonthlyShoeReleaseTest"/>
  <testcase name="SeptemberNewReleasePriceTest" time="2.448" classname="MonthlyShoeRelease.test.MonthlyShoeReleaseTest"/>
  <testcase name="SeptemberNewReleaseSuggestedPriceTest" time="4.720" classname="MonthlyShoeRelease.test.MonthlyShoeReleaseTest"/>
  <testcase name="JanuaryNewReleaseBlurbDisplayTest" time="2.818" classname="MonthlyShoeRelease.test.MonthlyShoeReleaseTest"/>
  <testcase name="NovemberNewReleaseImageDisplayTest" time="2.431" classname="MonthlyShoeRelease.test.MonthlyShoeReleaseTest">
    <failure type="java.lang.AssertionError" message="expected [true] but found [false]">
      <![CDATA[java.lang.AssertionError: expected [true] but found [false]
	at org.testng.Assert.fail(Assert.java:94)
	at org.testng.Assert.failNotEquals(Assert.java:513)
	at org.testng.Assert.assertTrue(Assert.java:42)
	at org.testng.Assert.assertTrue(Assert.java:52)
	at MonthlyShoeRelease.test.MonthlyShoeReleaseTest.NamedMonthlyNewReleaseImageTest(MonthlyShoeReleaseTest.java:450)
	at MonthlyShoeRelease.test.MonthlyShoeReleaseTest.NovemberNewReleaseImageDisplayTest(MonthlyShoeReleaseTest.java:351)
	at sun.reflect.NativeMethodAccessorImpl.invoke0(Native Method)
	at sun.reflect.NativeMethodAccessorImpl.invoke(Unknown Source)
	at sun.reflect.DelegatingMethodAccessorImpl.invoke(Unknown Source)
	at java.lang.reflect.Method.invoke(Unknown Source)
	at org.testng.internal.MethodInvocationHelper.invokeMethod(MethodInvocationHelper.java:100)
	at org.testng.internal.Invoker.invokeMethod(Invoker.java:646)
	at org.testng.internal.Invoker.invokeTestMethod(Invoker.java:811)
	at org.testng.internal.Invoker.invokeTestMethods(Invoker.java:1137)
	at org.testng.internal.TestMethodWorker.invokeTestMethods(TestMethodWorker.java:129)
	at org.testng.internal.TestMethodWorker.run(TestMethodWorker.java:112)
	at org.testng.TestRunner.privateRun(TestRunner.java:753)
	at org.testng.TestRunner.run(TestRunner.java:607)
	at org.testng.SuiteRunner.runTest(SuiteRunner.java:368)
	at org.testng.SuiteRunner.runSequentially(SuiteRunner.java:363)
	at org.testng.SuiteRunner.privateRun(SuiteRunner.java:321)
	at org.testng.SuiteRunner.run(SuiteRunner.java:270)
	at org.testng.SuiteRunnerWorker.runSuite(SuiteRunnerWorker.java:52)
	at org.testng.SuiteRunnerWorker.run(SuiteRunnerWorker.java:86)
	at org.testng.TestNG.runSuitesSequentially(TestNG.java:1284)
	at org.testng.TestNG.runSuitesLocally(TestNG.java:1209)
	at org.testng.TestNG.runSuites(TestNG.java:1124)
	at org.testng.TestNG.run(TestNG.java:1096)
	at org.testng.remote.AbstractRemoteTestNG.run(AbstractRemoteTestNG.java:132)
	at org.testng.remote.RemoteTestNG.initAndRun(RemoteTestNG.java:236)
	at org.testng.remote.RemoteTestNG.main(RemoteTestNG.java:81)
]]>
    </failure>
  </testcase> <!-- NovemberNewReleaseImageDisplayTest -->
  <testcase name="NovemberNewReleaseBlurbDisplayTest" time="2.624" classname="MonthlyShoeRelease.test.MonthlyShoeReleaseTest"/>
  <testcase name="FebruaryNewReleasePriceTest" time="2.524" classname="MonthlyShoeRelease.test.MonthlyShoeReleaseTest"/>
  <testcase name="MarchNewReleasePriceTest" time="2.562" classname="MonthlyShoeRelease.test.MonthlyShoeReleaseTest"/>
  <testcase name="AprilNewReleaseBlurbDisplayTest" time="2.819" classname="MonthlyShoeRelease.test.MonthlyShoeReleaseTest"/>
  <testcase name="AugustNewReleaseSuggestedPriceTest" time="4.705" classname="MonthlyShoeRelease.test.MonthlyShoeReleaseTest"/>
  <testcase name="FebruaryNewReleaseSuggestedPriceTest" time="5.087" classname="MonthlyShoeRelease.test.MonthlyShoeReleaseTest"/>
  <testcase name="JulyNewReleaseSuggestedPriceTest" time="4.805" classname="MonthlyShoeRelease.test.MonthlyShoeReleaseTest"/>
  <testcase name="DecemberNewReleaseBlurbDisplayTest" time="2.325" classname="MonthlyShoeRelease.test.MonthlyShoeReleaseTest"/>
  <testcase name="MayNewReleaseBlurbDisplayTest" time="2.831" classname="MonthlyShoeRelease.test.MonthlyShoeReleaseTest"/>
  <testcase name="DecemberNewReleasePriceTest" time="2.369" classname="MonthlyShoeRelease.test.MonthlyShoeReleaseTest"/>
  <testcase name="AugustNewReleaseImageDisplayTest" time="2.360" classname="MonthlyShoeRelease.test.MonthlyShoeReleaseTest"/>
  <testcase name="OctoberNewReleaseSuggestedPriceTest" time="5.077" classname="MonthlyShoeRelease.test.MonthlyShoeReleaseTest"/>
  <testcase name="JanuaryNewReleasePriceTest" time="2.640" classname="MonthlyShoeRelease.test.MonthlyShoeReleaseTest"/>
  <testcase name="JuneNewReleasePriceTest" time="2.399" classname="MonthlyShoeRelease.test.MonthlyShoeReleaseTest"/>
  <testcase name="MayNewReleaseImageDisplayTest" time="3.010" classname="MonthlyShoeRelease.test.MonthlyShoeReleaseTest"/>
  <testcase name="MayNewReleasePriceTest" time="2.635" classname="MonthlyShoeRelease.test.MonthlyShoeReleaseTest"/>
  <testcase name="MarchNewReleaseImageDisplayTest" time="2.442" classname="MonthlyShoeRelease.test.MonthlyShoeReleaseTest"/>
  <testcase name="SeptemberNewReleaseImageDisplayTest" time="2.944" classname="MonthlyShoeRelease.test.MonthlyShoeReleaseTest"/>
  <testcase name="FebruaryNewReleaseImageDisplayTest" time="2.528" classname="MonthlyShoeRelease.test.MonthlyShoeReleaseTest"/>
  <testcase name="AprilNewReleaseImageDisplayTest" time="2.426" classname="MonthlyShoeRelease.test.MonthlyShoeReleaseTest"/>
  <testcase name="AugustNewReleaseBlurbDisplayTest" time="2.576" classname="MonthlyShoeRelease.test.MonthlyShoeReleaseTest"/>
  <testcase name="NovemberNewReleaseSuggestedPriceTest" time="5.652" classname="MonthlyShoeRelease.test.MonthlyShoeReleaseTest"/>
  <testcase name="JulyNewReleasePriceTest" time="2.501" classname="MonthlyShoeRelease.test.MonthlyShoeReleaseTest"/>
  <testcase name="MarchNewReleaseSuggestedPriceTest" time="4.903" classname="MonthlyShoeRelease.test.MonthlyShoeReleaseTest"/>
  <testcase name="AugustNewReleasePriceTest" time="2.432" classname="MonthlyShoeRelease.test.MonthlyShoeReleaseTest"/>
  <testcase name="SeptemberNewReleaseBlurbDisplayTest" time="2.724" classname="MonthlyShoeRelease.test.MonthlyShoeReleaseTest"/>
  <testcase name="JulyNewReleaseBlurbDisplayTest" time="2.512" classname="MonthlyShoeRelease.test.MonthlyShoeReleaseTest"/>
  <testcase name="OctoberNewReleaseImageDisplayTest" time="2.812" classname="MonthlyShoeRelease.test.MonthlyShoeReleaseTest"/>
  <testcase name="DecemberNewReleaseSuggestedPriceTest" time="0.002" classname="MonthlyShoeRelease.test.MonthlyShoeReleaseTest"/>
</testsuite> <!-- MonthlyShoeRelease.test.MonthlyShoeReleaseTest -->
